<?xml version="1.0" encoding="UTF-8"?>
<!-- Generated by org.testng.reporters.JUnitReportReporter -->
<testsuite hostname="DESKTOP-PORQCT3" failures="0" tests="6" name="Test.TestclassB$TestclassA" time="0.056" errors="0" timestamp="2022-09-09T16:23:03 IST" skipped="0">
  <testcase classname="Test.TestclassB$TestclassA" name="testA" time="0.004"/>
  <system-out/>
  <testcase classname="Test.TestclassB$TestclassA" name="testA" time="0.008"/>
  <system-out/>
  <testcase classname="Test.TestclassB$TestclassA" name="testC" time="0.010"/>
  <system-out/>
  <testcase classname="Test.TestclassB$TestclassA" name="testC" time="0.009"/>
  <system-out/>
  <testcase classname="Test.TestclassB$TestclassA" name="testB" time="0.023"/>
  <system-out/>
  <testcase classname="Test.TestclassB$TestclassA" name="testB" time="0.002"/>
  <system-out/>
</testsuite> <!-- Test.TestclassB$TestclassA -->
